This file contains any messages produced by compilers while
running configure, to aid debugging if configure makes a mistake.

It was created by configure, which was
generated by GNU Autoconf 2.53.  Invocation command line was

  $ ./configure 

## --------- ##
## Platform. ##
## --------- ##

hostname = ricky-ubuntu
uname -m = x86_64
uname -r = 2.6.31-21-generic
uname -s = Linux
uname -v = #59-Ubuntu SMP Wed Mar 24 07:28:27 UTC 2010

/usr/bin/uname -p = unknown
/bin/uname -X     = unknown

/bin/arch              = unknown
/usr/bin/arch -k       = unknown
/usr/convex/getsysinfo = unknown
hostinfo               = unknown
/bin/machine           = unknown
/usr/bin/oslevel       = unknown
/bin/universe          = unknown

PATH: /usr/local/sbin
PATH: /usr/local/bin
PATH: /usr/sbin
PATH: /usr/bin
PATH: /sbin
PATH: /bin
PATH: /usr/games
PATH: /opt/android/android-sdk-linux_86/tools
PATH: /opt/android/android-sdk-linux_86/tools


## ----------- ##
## Core tests. ##
## ----------- ##

configure:1248: checking for ranlib
configure:1264: found /usr/bin/ranlib
configure:1275: result: ranlib
configure:1397: checking for gcc
configure:1413: found /usr/bin/gcc
configure:1423: result: gcc
configure:1667: checking for C compiler version
configure:1670: gcc --version </dev/null >&5
gcc (Ubuntu 4.4.1-4ubuntu9) 4.4.1
Copyright (C) 2009 Free Software Foundation, Inc.
This is free software; see the source for copying conditions.  There is NO
warranty; not even for MERCHANTABILITY or FITNESS FOR A PARTICULAR PURPOSE.

configure:1673: $? = 0
configure:1675: gcc -v </dev/null >&5
Using built-in specs.
Target: x86_64-linux-gnu
Configured with: ../src/configure -v --with-pkgversion='Ubuntu 4.4.1-4ubuntu9' --with-bugurl=file:///usr/share/doc/gcc-4.4/README.Bugs --enable-languages=c,c++,fortran,objc,obj-c++ --prefix=/usr --enable-shared --enable-multiarch --enable-linker-build-id --with-system-zlib --libexecdir=/usr/lib --without-included-gettext --enable-threads=posix --with-gxx-include-dir=/usr/include/c++/4.4 --program-suffix=-4.4 --enable-nls --enable-clocale=gnu --enable-libstdcxx-debug --enable-objc-gc --disable-werror --with-arch-32=i486 --with-tune=generic --enable-checking=release --build=x86_64-linux-gnu --host=x86_64-linux-gnu --target=x86_64-linux-gnu
Thread model: posix
gcc version 4.4.1 (Ubuntu 4.4.1-4ubuntu9) 
configure:1678: $? = 0
configure:1680: gcc -V </dev/null >&5
gcc: '-V' option must have argument
configure:1683: $? = 1
configure:1709: checking for C compiler default output
configure:1712: gcc    conftest.c  >&5
configure:1715: $? = 0
configure:1748: result: a.out
configure:1753: checking whether the C compiler works
configure:1759: ./a.out
configure:1762: $? = 0
configure:1777: result: yes
configure:1784: checking whether we are cross compiling
configure:1786: result: no
configure:1789: checking for suffix of executables
configure:1791: gcc -o conftest    conftest.c  >&5
configure:1794: $? = 0
configure:1816: result: 
configure:1822: checking for suffix of object files
configure:1846: gcc -c   conftest.c >&5
configure:1849: $? = 0
configure:1868: result: o
configure:1872: checking whether we are using the GNU C compiler
configure:1899: gcc -c   conftest.c >&5
configure:1902: $? = 0
configure:1905: test -s conftest.o
configure:1908: $? = 0
configure:1920: result: yes
configure:1926: checking whether gcc accepts -g
configure:1950: gcc -c -g  conftest.c >&5
configure:1953: $? = 0
configure:1956: test -s conftest.o
configure:1959: $? = 0
configure:1969: result: yes
configure:1996: gcc -c   conftest.c >&5
conftest.c:2: error: expected '=', ',', ';', 'asm' or '__attribute__' before 'me'
configure:1999: $? = 1
configure: failed program was:
#ifndef __cplusplus
  choke me
#endif
configure:2161: checking for g++
configure:2177: found /usr/bin/g++
configure:2187: result: g++
configure:2203: checking for C++ compiler version
configure:2206: g++ --version </dev/null >&5
g++ (Ubuntu 4.4.1-4ubuntu9) 4.4.1
Copyright (C) 2009 Free Software Foundation, Inc.
This is free software; see the source for copying conditions.  There is NO
warranty; not even for MERCHANTABILITY or FITNESS FOR A PARTICULAR PURPOSE.

configure:2209: $? = 0
configure:2211: g++ -v </dev/null >&5
Using built-in specs.
Target: x86_64-linux-gnu
Configured with: ../src/configure -v --with-pkgversion='Ubuntu 4.4.1-4ubuntu9' --with-bugurl=file:///usr/share/doc/gcc-4.4/README.Bugs --enable-languages=c,c++,fortran,objc,obj-c++ --prefix=/usr --enable-shared --enable-multiarch --enable-linker-build-id --with-system-zlib --libexecdir=/usr/lib --without-included-gettext --enable-threads=posix --with-gxx-include-dir=/usr/include/c++/4.4 --program-suffix=-4.4 --enable-nls --enable-clocale=gnu --enable-libstdcxx-debug --enable-objc-gc --disable-werror --with-arch-32=i486 --with-tune=generic --enable-checking=release --build=x86_64-linux-gnu --host=x86_64-linux-gnu --target=x86_64-linux-gnu
Thread model: posix
gcc version 4.4.1 (Ubuntu 4.4.1-4ubuntu9) 
configure:2214: $? = 0
configure:2216: g++ -V </dev/null >&5
g++: '-V' option must have argument
configure:2219: $? = 1
configure:2222: checking whether we are using the GNU C++ compiler
configure:2249: g++ -c   conftest.cc >&5
configure:2252: $? = 0
configure:2255: test -s conftest.o
configure:2258: $? = 0
configure:2270: result: yes
configure:2276: checking whether g++ accepts -g
configure:2300: g++ -c -g  conftest.cc >&5
configure:2303: $? = 0
configure:2306: test -s conftest.o
configure:2309: $? = 0
configure:2319: result: yes
configure:2365: g++ -c   conftest.cc >&5
configure:2368: $? = 0
configure:2371: test -s conftest.o
configure:2374: $? = 0
configure:2402: g++ -c   conftest.cc >&5
configure: In function 'int main()':
configure:2394: error: 'exit' was not declared in this scope
configure:2405: $? = 1
configure: failed program was:
#line 2383 "configure"
#include "confdefs.h"

#ifdef F77_DUMMY_MAIN
#  ifdef __cplusplus
     extern "C"
#  endif
   int F77_DUMMY_MAIN() { return 1; }
#endif
int
main ()
{
exit (42);
  ;
  return 0;
}
configure:2365: g++ -c   conftest.cc >&5
configure:2368: $? = 0
configure:2371: test -s conftest.o
configure:2374: $? = 0
configure:2402: g++ -c   conftest.cc >&5
configure:2405: $? = 0
configure:2408: test -s conftest.o
configure:2411: $? = 0
configure:2435: checking whether byte ordering is bigendian
configure:2465: gcc -c   conftest.c >&5
configure:2468: $? = 0
configure:2471: test -s conftest.o
configure:2474: $? = 0
configure:2501: gcc -c   conftest.c >&5
configure: In function 'main':
configure:2491: error: 'not' undeclared (first use in this function)
configure:2491: error: (Each undeclared identifier is reported only once
configure:2491: error: for each function it appears in.)
configure:2491: error: expected ';' before 'big'
configure:2504: $? = 1
configure: failed program was:
#line 2477 "configure"
#include "confdefs.h"
#include <sys/types.h>
#include <sys/param.h>

#ifdef F77_DUMMY_MAIN
#  ifdef __cplusplus
     extern "C"
#  endif
   int F77_DUMMY_MAIN() { return 1; }
#endif
int
main ()
{
#if BYTE_ORDER != BIG_ENDIAN
 not big endian
#endif

  ;
  return 0;
}
configure:2618: result: no
configure:2643: checking how to run the C preprocessor
configure:2669: gcc -E  conftest.c
configure:2675: $? = 0
configure:2702: gcc -E  conftest.c
configure:2698:28: error: ac_nonexistent.h: No such file or directory
configure:2708: $? = 1
configure: failed program was:
#line 2697 "configure"
#include "confdefs.h"
#include <ac_nonexistent.h>
configure:2745: result: gcc -E
configure:2760: gcc -E  conftest.c
configure:2766: $? = 0
configure:2793: gcc -E  conftest.c
configure:2789:28: error: ac_nonexistent.h: No such file or directory
configure:2799: $? = 1
configure: failed program was:
#line 2788 "configure"
#include "confdefs.h"
#include <ac_nonexistent.h>
configure:2839: checking for ANSI C header files
configure:2853: gcc -E  conftest.c
configure:2859: $? = 0
configure:2946: gcc -o conftest    conftest.c  >&5
configure: In function 'main':
configure:2937: warning: incompatible implicit declaration of built-in function 'exit'
configure:2949: $? = 0
configure:2951: ./conftest
configure:2954: $? = 0
configure:2968: result: yes
configure:2992: checking for sys/types.h
configure:3005: gcc -c   conftest.c >&5
configure:3008: $? = 0
configure:3011: test -s conftest.o
configure:3014: $? = 0
configure:3024: result: yes
configure:2992: checking for sys/stat.h
configure:3005: gcc -c   conftest.c >&5
configure:3008: $? = 0
configure:3011: test -s conftest.o
configure:3014: $? = 0
configure:3024: result: yes
configure:2992: checking for stdlib.h
configure:3005: gcc -c   conftest.c >&5
configure:3008: $? = 0
configure:3011: test -s conftest.o
configure:3014: $? = 0
configure:3024: result: yes
configure:2992: checking for string.h
configure:3005: gcc -c   conftest.c >&5
configure:3008: $? = 0
configure:3011: test -s conftest.o
configure:3014: $? = 0
configure:3024: result: yes
configure:2992: checking for memory.h
configure:3005: gcc -c   conftest.c >&5
configure:3008: $? = 0
configure:3011: test -s conftest.o
configure:3014: $? = 0
configure:3024: result: yes
configure:2992: checking for strings.h
configure:3005: gcc -c   conftest.c >&5
configure:3008: $? = 0
configure:3011: test -s conftest.o
configure:3014: $? = 0
configure:3024: result: yes
configure:2992: checking for inttypes.h
configure:3005: gcc -c   conftest.c >&5
configure:3008: $? = 0
configure:3011: test -s conftest.o
configure:3014: $? = 0
configure:3024: result: yes
configure:2992: checking for stdint.h
configure:3005: gcc -c   conftest.c >&5
configure:3008: $? = 0
configure:3011: test -s conftest.o
configure:3014: $? = 0
configure:3024: result: yes
configure:2992: checking for unistd.h
configure:3005: gcc -c   conftest.c >&5
configure:3008: $? = 0
configure:3011: test -s conftest.o
configure:3014: $? = 0
configure:3024: result: yes
configure:3036: checking for short
configure:3063: gcc -c   conftest.c >&5
configure:3066: $? = 0
configure:3069: test -s conftest.o
configure:3072: $? = 0
configure:3082: result: yes
configure:3085: checking size of short
configure:3363: gcc -o conftest    conftest.c  >&5
configure:3366: $? = 0
configure:3368: ./conftest
configure:3371: $? = 0
configure:3391: result: 2
configure:3398: checking for int
configure:3425: gcc -c   conftest.c >&5
configure:3428: $? = 0
configure:3431: test -s conftest.o
configure:3434: $? = 0
configure:3444: result: yes
configure:3447: checking size of int
configure:3725: gcc -o conftest    conftest.c  >&5
configure:3728: $? = 0
configure:3730: ./conftest
configure:3733: $? = 0
configure:3753: result: 4
configure:3760: checking for long
configure:3787: gcc -c   conftest.c >&5
configure:3790: $? = 0
configure:3793: test -s conftest.o
configure:3796: $? = 0
configure:3806: result: yes
configure:3809: checking size of long
configure:4087: gcc -o conftest    conftest.c  >&5
configure:4090: $? = 0
configure:4092: ./conftest
configure:4095: $? = 0
configure:4115: result: 8
configure:4163: checking for dirent.h that defines DIR
configure:4190: gcc -c   conftest.c >&5
configure:4193: $? = 0
configure:4196: test -s conftest.o
configure:4199: $? = 0
configure:4209: result: yes
configure:4222: checking for library containing opendir
configure:4255: gcc -o conftest    conftest.c  >&5
configure:4258: $? = 0
configure:4261: test -s conftest
configure:4264: $? = 0
configure:4323: result: none required
configure:4451: checking sys/select.h usability
configure:4460: gcc -c   conftest.c >&5
configure:4463: $? = 0
configure:4466: test -s conftest.o
configure:4469: $? = 0
configure:4478: result: yes
configure:4482: checking sys/select.h presence
configure:4489: gcc -E  conftest.c
configure:4495: $? = 0
configure:4513: result: yes
configure:4531: checking for sys/select.h
configure:4538: result: yes
configure:4544: checking for scandir
configure:4587: gcc -o conftest    conftest.c  >&5
configure:4590: $? = 0
configure:4593: test -s conftest
configure:4596: $? = 0
configure:4606: result: yes
configure:4619: checking for vsnprintf
configure:4662: gcc -o conftest    conftest.c  >&5
configure:4634: warning: conflicting types for built-in function 'vsnprintf'
configure:4665: $? = 0
configure:4668: test -s conftest
configure:4671: $? = 0
configure:4681: result: yes
configure:4694: checking for snprintf
configure:4737: gcc -o conftest    conftest.c  >&5
configure:4709: warning: conflicting types for built-in function 'snprintf'
configure:4740: $? = 0
configure:4743: test -s conftest
configure:4746: $? = 0
configure:4756: result: yes
configure:4773: checking for vsprintf
configure:4816: gcc -o conftest    conftest.c  >&5
configure:4788: warning: conflicting types for built-in function 'vsprintf'
configure:4819: $? = 0
configure:4822: test -s conftest
configure:4825: $? = 0
configure:4835: result: yes
configure:4888: checking for X
configure:4990: gcc -E  conftest.c
configure:4996: $? = 0
configure:5047: gcc -o conftest    conftest.c -lXt  >&5
configure:5050: $? = 0
configure:5053: test -s conftest
configure:5056: $? = 0
configure:5104: result: libraries , headers 
configure:5261: gcc -o conftest    conftest.c   -lX11 >&5
configure:5264: $? = 0
configure:5267: test -s conftest
configure:5270: $? = 0
configure:5408: checking for gethostbyname
configure:5451: gcc -o conftest    conftest.c  >&5
configure:5454: $? = 0
configure:5457: test -s conftest
configure:5460: $? = 0
configure:5470: result: yes
configure:5603: checking for connect
configure:5646: gcc -o conftest    conftest.c  >&5
configure:5649: $? = 0
configure:5652: test -s conftest
configure:5655: $? = 0
configure:5665: result: yes
configure:5731: checking for remove
configure:5774: gcc -o conftest    conftest.c  >&5
configure:5777: $? = 0
configure:5780: test -s conftest
configure:5783: $? = 0
configure:5793: result: yes
configure:5859: checking for shmat
configure:5902: gcc -o conftest    conftest.c  >&5
configure:5905: $? = 0
configure:5908: test -s conftest
configure:5911: $? = 0
configure:5921: result: yes
configure:5996: checking for IceConnectionNumber in -lICE
configure:6029: gcc -o conftest    conftest.c -lICE   >&5
configure:6032: $? = 0
configure:6035: test -s conftest
configure:6038: $? = 0
configure:6049: result: yes
configure:6065: checking for glXMakeCurrent in -lGL
configure:6099: gcc -o conftest      conftest.c -lGL 	-lX11 -lXext  -lm  >&5
configure:6102: $? = 0
configure:6105: test -s conftest
configure:6108: $? = 0
configure:6119: result: yes
configure:6205: checking X11/extensions/Xdbe.h usability
configure:6214: gcc -c     conftest.c >&5
In file included from /usr/include/X11/extensions/Xdbe.h:42,
                 from configure:6242:
/usr/include/X11/extensions/Xdbeproto.h:89: error: expected specifier-qualifier-list before 'VisualID'
In file included from configure:6242:
/usr/include/X11/extensions/Xdbe.h:53: error: expected '=', ',', ';', 'asm' or '__attribute__' before 'XdbeBackBuffer'
/usr/include/X11/extensions/Xdbe.h:59: error: expected specifier-qualifier-list before 'Window'
/usr/include/X11/extensions/Xdbe.h:66: error: expected specifier-qualifier-list before 'Window'
/usr/include/X11/extensions/Xdbe.h:73: error: expected specifier-qualifier-list before 'Display'
/usr/include/X11/extensions/Xdbe.h:87: error: expected '=', ',', ';', 'asm' or '__attribute__' before 'XdbeQueryExtension'
/usr/include/X11/extensions/Xdbe.h:93: error: expected '=', ',', ';', 'asm' or '__attribute__' before 'XdbeAllocateBackBufferName'
/usr/include/X11/extensions/Xdbe.h:99: error: expected '=', ',', ';', 'asm' or '__attribute__' before 'XdbeDeallocateBackBufferName'
/usr/include/X11/extensions/Xdbe.h:104: error: expected '=', ',', ';', 'asm' or '__attribute__' before 'XdbeSwapBuffers'
/usr/include/X11/extensions/Xdbe.h:110: error: expected '=', ',', ';', 'asm' or '__attribute__' before 'XdbeBeginIdiom'
/usr/include/X11/extensions/Xdbe.h:114: error: expected '=', ',', ';', 'asm' or '__attribute__' before 'XdbeEndIdiom'
/usr/include/X11/extensions/Xdbe.h:119: error: expected ')' before '*' token
/usr/include/X11/extensions/Xdbe.h:129: error: expected ')' before '*' token
configure:6217: $? = 1
configure: failed program was:
#line 6207 "configure"
#include "confdefs.h"
#include <stdio.h>
#if HAVE_SYS_TYPES_H
# include <sys/types.h>
#endif
#if HAVE_SYS_STAT_H
# include <sys/stat.h>
#endif
#if STDC_HEADERS
# include <stdlib.h>
# include <stddef.h>
#else
# if HAVE_STDLIB_H
#  include <stdlib.h>
# endif
#endif
#if HAVE_STRING_H
# if !STDC_HEADERS && HAVE_MEMORY_H
#  include <memory.h>
# endif
# include <string.h>
#endif
#if HAVE_STRINGS_H
# include <strings.h>
#endif
#if HAVE_INTTYPES_H
# include <inttypes.h>
#else
# if HAVE_STDINT_H
#  include <stdint.h>
# endif
#endif
#if HAVE_UNISTD_H
# include <unistd.h>
#endif
#include <X11/extensions/Xdbe.h>
configure:6232: result: no
configure:6236: checking X11/extensions/Xdbe.h presence
configure:6243: gcc -E   conftest.c
configure:6249: $? = 0
configure:6267: result: yes
configure:6278: WARNING: X11/extensions/Xdbe.h: present but cannot be compiled
configure:6280: WARNING: X11/extensions/Xdbe.h: check for missing prerequisite headers?
configure:6282: WARNING: X11/extensions/Xdbe.h: proceeding with the preprocessor's result
configure:6285: checking for X11/extensions/Xdbe.h
configure:6292: result: yes
configure:6308: checking "for X overlay visuals"
configure:6319: result: no
configure:6489: creating ./config.status

## ---------------------- ##
## Running config.status. ##
## ---------------------- ##

This file was extended by config.status, which was
generated by GNU Autoconf 2.53.  Invocation command line was

  CONFIG_FILES    = 
  CONFIG_HEADERS  = 
  CONFIG_LINKS    = 
  CONFIG_COMMANDS = 
  $ ./config.status 

on ricky-ubuntu

config.status:576: creating makeinclude
config.status:679: creating config.h

## ---------------- ##
## Cache variables. ##
## ---------------- ##

ac_cv_c_bigendian=no
ac_cv_c_compiler_gnu=yes
ac_cv_cxx_compiler_gnu=yes
ac_cv_env_CC_set=
ac_cv_env_CC_value=
ac_cv_env_CFLAGS_set=
ac_cv_env_CFLAGS_value=
ac_cv_env_CPPFLAGS_set=
ac_cv_env_CPPFLAGS_value=
ac_cv_env_CPP_set=
ac_cv_env_CPP_value=
ac_cv_env_CXXFLAGS_set=
ac_cv_env_CXXFLAGS_value=
ac_cv_env_CXX_set=
ac_cv_env_CXX_value=
ac_cv_env_LDFLAGS_set=
ac_cv_env_LDFLAGS_value=
ac_cv_env_build_alias_set=
ac_cv_env_build_alias_value=
ac_cv_env_host_alias_set=
ac_cv_env_host_alias_value=
ac_cv_env_target_alias_set=
ac_cv_env_target_alias_value=
ac_cv_exeext=
ac_cv_func_connect=yes
ac_cv_func_gethostbyname=yes
ac_cv_func_remove=yes
ac_cv_func_scandir=yes
ac_cv_func_shmat=yes
ac_cv_func_snprintf=yes
ac_cv_func_vsnprintf=yes
ac_cv_func_vsprintf=yes
ac_cv_have_overlay=no
ac_cv_have_x='have_x=yes 		ac_x_includes= ac_x_libraries='
ac_cv_header_X11_extensions_Xdbe_h=yes
ac_cv_header_dirent_dirent_h=yes
ac_cv_header_inttypes_h=yes
ac_cv_header_memory_h=yes
ac_cv_header_stdc=yes
ac_cv_header_stdint_h=yes
ac_cv_header_stdlib_h=yes
ac_cv_header_string_h=yes
ac_cv_header_strings_h=yes
ac_cv_header_sys_select_h=yes
ac_cv_header_sys_stat_h=yes
ac_cv_header_sys_types_h=yes
ac_cv_header_unistd_h=yes
ac_cv_lib_GL_glXMakeCurrent=yes
ac_cv_lib_ICE_IceConnectionNumber=yes
ac_cv_objext=o
ac_cv_prog_CPP='gcc -E'
ac_cv_prog_ac_ct_CC=gcc
ac_cv_prog_ac_ct_CXX=g++
ac_cv_prog_ac_ct_RANLIB=ranlib
ac_cv_prog_cc_g=yes
ac_cv_prog_cxx_g=yes
ac_cv_search_opendir='none required'
ac_cv_sizeof_int=4
ac_cv_sizeof_long=8
ac_cv_sizeof_short=2
ac_cv_type_int=yes
ac_cv_type_long=yes
ac_cv_type_short=yes

## ----------- ##
## confdefs.h. ##
## ----------- ##

#define PACKAGE_NAME ""
#define PACKAGE_TARNAME ""
#define PACKAGE_VERSION ""
#define PACKAGE_STRING ""
#define PACKAGE_BUGREPORT ""
#ifdef __cplusplus
#include <stdlib.h>
#endif
#define STDC_HEADERS 1
#define HAVE_SYS_TYPES_H 1
#define HAVE_SYS_STAT_H 1
#define HAVE_STDLIB_H 1
#define HAVE_STRING_H 1
#define HAVE_MEMORY_H 1
#define HAVE_STRINGS_H 1
#define HAVE_INTTYPES_H 1
#define HAVE_STDINT_H 1
#define HAVE_UNISTD_H 1
#define SIZEOF_SHORT 2
#define SIZEOF_INT 4
#define SIZEOF_LONG 8
#define U16 unsigned short
#define U32 unsigned
#define U64 unsigned long
#define HAVE_DIRENT_H 1
#define HAVE_SCANDIR 1
#define HAVE_VSNPRINTF 1
#define HAVE_SNPRINTF 1
#define HAVE_VSPRINTF 1
#define HAVE_GL 1
#define HAVE_XDBE 1

configure: exit 0
